<?xml version="1.0" encoding="UTF-8"?>
<!-- Generated by org.testng.reporters.JUnitReportReporter -->
<testsuite skipped="0" hostname="IBM390-PC07ZELM" name="com.training.sanity.tests.DeleteCategory" tests="1" failures="0" timestamp="14 Jan 2019 13:50:12 GMT" time="50.453" errors="0">
  <testcase name="AddNewPostTest" time="50.453" classname="com.training.sanity.tests.DeleteCategory"/>
</testsuite> <!-- com.training.sanity.tests.DeleteCategory -->
