<?xml version="1.0" encoding="UTF-8"?>
<!-- Generated by org.testng.reporters.JUnitReportReporter -->
<testsuite skipped="0" hostname="IBM390-PC07ZELM" name="com.training.sanity.tests.DeleteCategory" tests="2" failures="0" timestamp="13 Jan 2019 10:46:39 GMT" time="87.249" errors="0">
  <testcase name="AddNewPostTest" time="54.771" classname="com.training.sanity.tests.DeleteCategory"/>
  <testcase name="AddNewPostTest1" time="32.478" classname="com.training.sanity.tests.DeleteCategory"/>
</testsuite> <!-- com.training.sanity.tests.DeleteCategory -->
