<?xml version="1.0" encoding="UTF-8"?>
<!-- Generated by org.testng.reporters.JUnitReportReporter -->
<testsuite skipped="0" hostname="IBM390-PC07ZELM" name="com.training.sanity.tests.AddNewTag" tests="1" failures="0" timestamp="12 Jan 2019 20:26:40 GMT" time="40.294" errors="0">
  <testcase name="AddNewPostTest" time="40.294" classname="com.training.sanity.tests.AddNewTag"/>
</testsuite> <!-- com.training.sanity.tests.AddNewTag -->
