<?xml version="1.0" encoding="UTF-8"?>
<!-- Generated by org.testng.reporters.JUnitReportReporter -->
<testsuite skipped="0" hostname="IBM390-PC07ZELM" name="com.training.sanity.tests.AddNewPost" tests="1" failures="0" timestamp="13 Jan 2019 10:12:06 GMT" time="56.609" errors="0">
  <testcase name="AddNewPostTest" time="56.609" classname="com.training.sanity.tests.AddNewPost"/>
</testsuite> <!-- com.training.sanity.tests.AddNewPost -->
