<?xml version="1.0" encoding="UTF-8"?>
<!-- Generated by org.testng.reporters.JUnitReportReporter -->
<testsuite skipped="0" hostname="IBM390-PC07ZELM" name="com.training.sanity.tests.AddNewTag" tests="1" failures="0" timestamp="14 Jan 2019 13:59:29 GMT" time="41.336" errors="0">
  <testcase name="AddNewPostTest" time="41.336" classname="com.training.sanity.tests.AddNewTag"/>
</testsuite> <!-- com.training.sanity.tests.AddNewTag -->
