<?xml version="1.0" encoding="UTF-8"?>
<!-- Generated by org.testng.reporters.JUnitReportReporter -->
<testsuite skipped="0" hostname="IBM390-PC07ZELM" name="com.training.sanity.tests.AddNewCategory" tests="1" failures="0" timestamp="12 Jan 2019 19:34:11 GMT" time="39.841" errors="0">
  <testcase name="AddNewPostTest" time="39.841" classname="com.training.sanity.tests.AddNewCategory"/>
</testsuite> <!-- com.training.sanity.tests.AddNewCategory -->
