<?xml version="1.0" encoding="UTF-8"?>
<!-- Generated by org.testng.reporters.JUnitReportReporter -->
<testsuite skipped="0" hostname="IBM390-PC07ZELM" name="com.training.sanity.tests.PostIntoTrash" tests="1" failures="0" timestamp="14 Jan 2019 12:45:02 GMT" time="41.385" errors="0">
  <testcase name="validTrashTest" time="41.385" classname="com.training.sanity.tests.PostIntoTrash"/>
</testsuite> <!-- com.training.sanity.tests.PostIntoTrash -->
